0 3 0 | 0 0 0 | 0 0 0 
0 0 0 | 1 0 0 | 0 0 0 
0 9 0 | 0 0 0 | 0 0 0 
---------------------
8 0 0 | 0 6 0 | 0 0 3 
0 0 0 | 8 0 0 | 0 0 0 
7 0 0 | 0 0 0 | 0 0 6 
---------------------
0 0 0 | 0 0 0 | 0 0 0 
0 0 0 | 0 0 9 | 0 0 5 
0 0 0 | 0 0 0 | 0 0 0 

Output file: /Users/alarbalestier/Desktop/COSC76/PA5/puzzle2.cnf
0 3 0 | 0 0 0 | 0 0 0 
0 0 0 | 1 0 0 | 0 0 0 
0 9 0 | 0 0 0 | 0 0 0 
---------------------
8 0 0 | 0 6 0 | 0 0 3 
0 0 0 | 8 0 0 | 0 0 0 
7 0 0 | 0 0 0 | 0 0 6 
---------------------
0 0 0 | 0 0 0 | 0 0 0 
0 0 0 | 0 0 9 | 0 0 5 
0 0 0 | 0 0 0 | 0 0 0 

Output file: /Users/alarbalestier/Desktop/COSC76/PA5/puzzle2.cnf
0 3 0 | 0 0 0 | 0 0 0 
0 0 0 | 1 0 0 | 0 0 0 
0 9 0 | 0 0 0 | 0 0 0 
---------------------
8 0 0 | 0 6 0 | 0 0 3 
0 0 0 | 8 0 0 | 0 0 0 
7 0 0 | 0 0 0 | 0 0 6 
---------------------
0 0 0 | 0 0 0 | 0 0 0 
0 0 0 | 0 0 9 | 0 0 5 
0 0 0 | 0 0 0 | 0 0 0 

Output file: /Users/alarbalestier/Desktop/COSC76/PA5/puzzle2.cnf
0 3 0 | 0 0 0 | 0 0 0 
0 0 0 | 1 0 0 | 0 0 0 
0 9 0 | 0 0 0 | 0 0 0 
---------------------
8 0 0 | 0 6 0 | 0 0 3 
0 0 0 | 8 0 0 | 0 0 0 
7 0 0 | 0 0 0 | 0 0 6 
---------------------
0 0 0 | 0 0 0 | 0 0 0 
0 0 0 | 0 0 9 | 0 0 5 
0 0 0 | 0 0 0 | 0 0 0 

Output file: /Users/alarbalestier/Desktop/COSC76/PA5/puzzle2.cnf
0 3 0 | 0 0 0 | 0 0 0 
0 0 0 | 1 0 0 | 0 0 0 
0 9 0 | 0 0 0 | 0 0 0 
---------------------
8 0 0 | 0 6 0 | 0 0 3 
0 0 0 | 8 0 0 | 0 0 0 
7 0 0 | 0 0 0 | 0 0 6 
---------------------
0 0 0 | 0 0 0 | 0 0 0 
0 0 0 | 0 0 9 | 0 0 5 
0 0 0 | 0 0 0 | 0 0 0 

Output file: /Users/alarbalestier/Desktop/COSC76/PA5/puzzle2.cnf
